<?xml version="1.0" encoding="UTF-8"?>
<testsuite xmlns:xsi="http://www.w3.org/2001/XMLSchema-instance" xsi:noNamespaceSchemaLocation="https://maven.apache.org/surefire/maven-surefire-plugin/xsd/surefire-test-report-3.0.xsd" version="3.0" name="edu.cmu.graphchi.walks.TestWeightedHopper" time="3.089" tests="4" errors="0" skipped="0" failures="0">
  <properties>
[...]
</properties>
  <testcase name="testAliasMethod" classname="edu.cmu.graphchi.walks.TestWeightedHopper" time="0.374"/>
  <testcase name="testBoth" classname="edu.cmu.graphchi.walks.TestWeightedHopper" time="1.384"/>
  <testcase name="testBasicMethodSmall" classname="edu.cmu.graphchi.walks.TestWeightedHopper" time="0.321"/>
  <testcase name="testBasicMethod" classname="edu.cmu.graphchi.walks.TestWeightedHopper" time="1.009"/>
</testsuite>